<?xml version="1.0" encoding="UTF-8"?>
<!-- Generated by org.testng.reporters.JUnitReportReporter -->
<testsuite hostname="8ccafd8f7f2f546" failures="0" tests="1" name="ustbatchno3.TestNG.EmployeeTest" time="0.016" errors="0" timestamp="2023-03-13T12:32:36 IST" skipped="0">
  <testcase classname="ustbatchno3.TestNG.EmployeeTest" name="testemp" time="0.016"/>
  <system-out/>
</testsuite> <!-- ustbatchno3.TestNG.EmployeeTest -->
